[INFO] [2017-12-15 15:09:17][org.springframework.web.context.ContextLoader]Root WebApplicationContext: initialization started
[INFO] [2017-12-15 15:09:18][org.springframework.web.context.support.XmlWebApplicationContext]Refreshing Root WebApplicationContext: startup date [Fri Dec 15 15:09:18 CST 2017]; root of context hierarchy
[INFO] [2017-12-15 15:09:18][org.springframework.beans.factory.xml.XmlBeanDefinitionReader]Loading XML bean definitions from URL [file:/F:/workspace10/SSM/target/classes/spring-mybatis.xml]
[INFO] [2017-12-15 15:09:19][org.springframework.beans.factory.config.PropertyPlaceholderConfigurer]Loading properties file from class path resource [jdbc.properties]
[INFO] [2017-12-15 15:09:20][com.alibaba.druid.pool.DruidDataSource]{dataSource-1} inited
[INFO] [2017-12-15 15:09:20][org.springframework.web.context.ContextLoader]Root WebApplicationContext: initialization completed in 2760 ms
[INFO] [2017-12-15 15:09:20][org.springframework.web.servlet.DispatcherServlet]FrameworkServlet 'springServlet': initialization started
[INFO] [2017-12-15 15:09:20][org.springframework.web.context.support.XmlWebApplicationContext]Refreshing WebApplicationContext for namespace 'springServlet-servlet': startup date [Fri Dec 15 15:09:20 CST 2017]; parent: Root WebApplicationContext
[INFO] [2017-12-15 15:09:20][org.springframework.beans.factory.xml.XmlBeanDefinitionReader]Loading XML bean definitions from file [F:\workspace10\SSM\target\classes\spring-mvc.xml]
[INFO] [2017-12-15 15:09:21][org.springframework.web.servlet.mvc.method.annotation.RequestMappingHandlerMapping]Mapped "{[/form/testform],methods=[GET],params=[],headers=[],consumes=[],produces=[],custom=[]}" onto public java.lang.String com.cn.zhou.controller.FormController.form(javax.servlet.http.HttpServletRequest,javax.servlet.http.HttpServletResponse,com.cn.zhou.entity.TagsModel,org.springframework.ui.Model)
[INFO] [2017-12-15 15:09:21][org.springframework.web.servlet.mvc.method.annotation.RequestMappingHandlerMapping]Mapped "{[/login/login],methods=[GET],params=[],headers=[],consumes=[],produces=[],custom=[]}" onto public java.lang.String com.cn.zhou.controller.LoginController.form(javax.servlet.http.HttpServletRequest,javax.servlet.http.HttpServletResponse,com.cn.zhou.entity.TagsModel,org.springframework.ui.Model)
[INFO] [2017-12-15 15:09:21][org.springframework.web.servlet.mvc.method.annotation.RequestMappingHandlerMapping]Mapped "{[/tags/test],methods=[GET],params=[],headers=[],consumes=[],produces=[],custom=[]}" onto public java.lang.String com.cn.zhou.controller.TagsController.test(org.springframework.ui.Model)
[INFO] [2017-12-15 15:09:21][org.springframework.web.servlet.mvc.method.annotation.RequestMappingHandlerMapping]Mapped "{[/upAndDown/download],methods=[],params=[],headers=[],consumes=[],produces=[],custom=[]}" onto public java.lang.String com.cn.zhou.controller.UpAndDownController.download(java.lang.String,javax.servlet.http.HttpServletRequest,javax.servlet.http.HttpServletResponse)
[INFO] [2017-12-15 15:09:21][org.springframework.web.servlet.mvc.method.annotation.RequestMappingHandlerMapping]Mapped "{[/upAndDown/upload],methods=[],params=[],headers=[],consumes=[],produces=[],custom=[]}" onto public java.lang.String com.cn.zhou.controller.UpAndDownController.upload(org.springframework.web.multipart.MultipartFile[],javax.servlet.http.HttpServletRequest) throws java.io.IOException
[INFO] [2017-12-15 15:09:21][org.springframework.web.servlet.mvc.method.annotation.RequestMappingHandlerMapping]Mapped "{[/upAndDown/showUpload],methods=[],params=[],headers=[],consumes=[],produces=[],custom=[]}" onto public java.lang.String com.cn.zhou.controller.UpAndDownController.showUpload()
[INFO] [2017-12-15 15:09:21][org.springframework.web.servlet.mvc.method.annotation.RequestMappingHandlerMapping]Mapped "{[/upAndDown/showDownload],methods=[],params=[],headers=[],consumes=[],produces=[],custom=[]}" onto public java.lang.String com.cn.zhou.controller.UpAndDownController.showDownload()
[INFO] [2017-12-15 15:09:21][org.springframework.web.servlet.mvc.method.annotation.RequestMappingHandlerMapping]Mapped "{[/user/showUser],methods=[],params=[],headers=[],consumes=[],produces=[],custom=[]}" onto public java.lang.String com.cn.zhou.controller.UserController.toIndex(javax.servlet.http.HttpServletRequest,org.springframework.ui.Model)
[INFO] [2017-12-15 15:09:22][org.springframework.web.servlet.handler.SimpleUrlHandlerMapping]Mapped URL path [/**] onto handler 'org.springframework.web.servlet.resource.DefaultServletHttpRequestHandler#0'
[INFO] [2017-12-15 15:09:22][org.springframework.web.servlet.handler.SimpleUrlHandlerMapping]Mapped URL path [/chahua3205/**] onto handler 'org.springframework.web.servlet.resource.ResourceHttpRequestHandler#0'
[WARN] [2017-12-15 15:09:22][org.springframework.web.context.support.XmlWebApplicationContext]Exception encountered during context initialization - cancelling refresh attempt
org.springframework.beans.factory.BeanCreationException: Error creating bean with name 'jedisPool' defined in file [F:\workspace10\SSM\target\classes\spring-mvc.xml]: Invalid destruction signature; nested exception is org.springframework.beans.factory.support.BeanDefinitionValidationException: Couldn't find a destroy method named 'close' on bean with name 'jedisPool'
	at org.springframework.beans.factory.support.AbstractAutowireCapableBeanFactory.doCreateBean(AbstractAutowireCapableBeanFactory.java:583)
	at org.springframework.beans.factory.support.AbstractAutowireCapableBeanFactory.createBean(AbstractAutowireCapableBeanFactory.java:475)
	at org.springframework.beans.factory.support.AbstractBeanFactory$1.getObject(AbstractBeanFactory.java:302)
	at org.springframework.beans.factory.support.DefaultSingletonBeanRegistry.getSingleton(DefaultSingletonBeanRegistry.java:228)
	at org.springframework.beans.factory.support.AbstractBeanFactory.doGetBean(AbstractBeanFactory.java:298)
	at org.springframework.beans.factory.support.AbstractBeanFactory.getBean(AbstractBeanFactory.java:193)
	at org.springframework.beans.factory.support.DefaultListableBeanFactory.preInstantiateSingletons(DefaultListableBeanFactory.java:706)
	at org.springframework.context.support.AbstractApplicationContext.finishBeanFactoryInitialization(AbstractApplicationContext.java:762)
	at org.springframework.context.support.AbstractApplicationContext.refresh(AbstractApplicationContext.java:482)
	at org.springframework.web.servlet.FrameworkServlet.configureAndRefreshWebApplicationContext(FrameworkServlet.java:658)
	at org.springframework.web.servlet.FrameworkServlet.createWebApplicationContext(FrameworkServlet.java:624)
	at org.springframework.web.servlet.FrameworkServlet.createWebApplicationContext(FrameworkServlet.java:672)
	at org.springframework.web.servlet.FrameworkServlet.initWebApplicationContext(FrameworkServlet.java:543)
	at org.springframework.web.servlet.FrameworkServlet.initServletBean(FrameworkServlet.java:484)
	at org.springframework.web.servlet.HttpServletBean.init(HttpServletBean.java:136)
	at javax.servlet.GenericServlet.init(GenericServlet.java:212)
	at org.apache.catalina.core.StandardWrapper.loadServlet(StandardWrapper.java:1206)
	at org.apache.catalina.core.StandardWrapper.load(StandardWrapper.java:1026)
	at org.apache.catalina.core.StandardContext.loadOnStartup(StandardContext.java:4421)
	at org.apache.catalina.core.StandardContext.start(StandardContext.java:4734)
	at org.apache.catalina.core.ContainerBase.start(ContainerBase.java:1057)
	at org.apache.catalina.core.StandardHost.start(StandardHost.java:840)
	at org.apache.catalina.core.ContainerBase.start(ContainerBase.java:1057)
	at org.apache.catalina.core.StandardEngine.start(StandardEngine.java:463)
	at org.apache.catalina.startup.Embedded.start(Embedded.java:825)
	at org.apache.tomcat.maven.plugin.tomcat6.AbstractRunMojo.startContainer(AbstractRunMojo.java:908)
	at org.apache.tomcat.maven.plugin.tomcat6.AbstractRunMojo.execute(AbstractRunMojo.java:463)
	at org.apache.maven.plugin.DefaultBuildPluginManager.executeMojo(DefaultBuildPluginManager.java:101)
	at org.apache.maven.lifecycle.internal.MojoExecutor.execute(MojoExecutor.java:209)
	at org.apache.maven.lifecycle.internal.MojoExecutor.execute(MojoExecutor.java:153)
	at org.apache.maven.lifecycle.internal.MojoExecutor.execute(MojoExecutor.java:145)
	at org.apache.maven.lifecycle.internal.LifecycleModuleBuilder.buildProject(LifecycleModuleBuilder.java:84)
	at org.apache.maven.lifecycle.internal.LifecycleModuleBuilder.buildProject(LifecycleModuleBuilder.java:59)
	at org.apache.maven.lifecycle.internal.LifecycleStarter.singleThreadedBuild(LifecycleStarter.java:183)
	at org.apache.maven.lifecycle.internal.LifecycleStarter.execute(LifecycleStarter.java:161)
	at org.apache.maven.DefaultMaven.doExecute(DefaultMaven.java:320)
	at org.apache.maven.DefaultMaven.execute(DefaultMaven.java:156)
	at org.apache.maven.cli.MavenCli.execute(MavenCli.java:537)
	at org.apache.maven.cli.MavenCli.doMain(MavenCli.java:196)
	at org.apache.maven.cli.MavenCli.main(MavenCli.java:141)
	at sun.reflect.NativeMethodAccessorImpl.invoke0(Native Method)
	at sun.reflect.NativeMethodAccessorImpl.invoke(NativeMethodAccessorImpl.java:57)
	at sun.reflect.DelegatingMethodAccessorImpl.invoke(DelegatingMethodAccessorImpl.java:43)
	at java.lang.reflect.Method.invoke(Method.java:606)
	at org.codehaus.plexus.classworlds.launcher.Launcher.launchEnhanced(Launcher.java:290)
	at org.codehaus.plexus.classworlds.launcher.Launcher.launch(Launcher.java:230)
	at org.codehaus.plexus.classworlds.launcher.Launcher.mainWithExitCode(Launcher.java:409)
	at org.codehaus.plexus.classworlds.launcher.Launcher.main(Launcher.java:352)
Caused by: org.springframework.beans.factory.support.BeanDefinitionValidationException: Couldn't find a destroy method named 'close' on bean with name 'jedisPool'
	at org.springframework.beans.factory.support.DisposableBeanAdapter.<init>(DisposableBeanAdapter.java:123)
	at org.springframework.beans.factory.support.AbstractBeanFactory.registerDisposableBeanIfNecessary(AbstractBeanFactory.java:1564)
	at org.springframework.beans.factory.support.AbstractAutowireCapableBeanFactory.doCreateBean(AbstractAutowireCapableBeanFactory.java:580)
	... 47 more
[ERROR] [2017-12-15 15:09:22][org.springframework.web.servlet.DispatcherServlet]Context initialization failed
org.springframework.beans.factory.BeanCreationException: Error creating bean with name 'jedisPool' defined in file [F:\workspace10\SSM\target\classes\spring-mvc.xml]: Invalid destruction signature; nested exception is org.springframework.beans.factory.support.BeanDefinitionValidationException: Couldn't find a destroy method named 'close' on bean with name 'jedisPool'
	at org.springframework.beans.factory.support.AbstractAutowireCapableBeanFactory.doCreateBean(AbstractAutowireCapableBeanFactory.java:583)
	at org.springframework.beans.factory.support.AbstractAutowireCapableBeanFactory.createBean(AbstractAutowireCapableBeanFactory.java:475)
	at org.springframework.beans.factory.support.AbstractBeanFactory$1.getObject(AbstractBeanFactory.java:302)
	at org.springframework.beans.factory.support.DefaultSingletonBeanRegistry.getSingleton(DefaultSingletonBeanRegistry.java:228)
	at org.springframework.beans.factory.support.AbstractBeanFactory.doGetBean(AbstractBeanFactory.java:298)
	at org.springframework.beans.factory.support.AbstractBeanFactory.getBean(AbstractBeanFactory.java:193)
	at org.springframework.beans.factory.support.DefaultListableBeanFactory.preInstantiateSingletons(DefaultListableBeanFactory.java:706)
	at org.springframework.context.support.AbstractApplicationContext.finishBeanFactoryInitialization(AbstractApplicationContext.java:762)
	at org.springframework.context.support.AbstractApplicationContext.refresh(AbstractApplicationContext.java:482)
	at org.springframework.web.servlet.FrameworkServlet.configureAndRefreshWebApplicationContext(FrameworkServlet.java:658)
	at org.springframework.web.servlet.FrameworkServlet.createWebApplicationContext(FrameworkServlet.java:624)
	at org.springframework.web.servlet.FrameworkServlet.createWebApplicationContext(FrameworkServlet.java:672)
	at org.springframework.web.servlet.FrameworkServlet.initWebApplicationContext(FrameworkServlet.java:543)
	at org.springframework.web.servlet.FrameworkServlet.initServletBean(FrameworkServlet.java:484)
	at org.springframework.web.servlet.HttpServletBean.init(HttpServletBean.java:136)
	at javax.servlet.GenericServlet.init(GenericServlet.java:212)
	at org.apache.catalina.core.StandardWrapper.loadServlet(StandardWrapper.java:1206)
	at org.apache.catalina.core.StandardWrapper.load(StandardWrapper.java:1026)
	at org.apache.catalina.core.StandardContext.loadOnStartup(StandardContext.java:4421)
	at org.apache.catalina.core.StandardContext.start(StandardContext.java:4734)
	at org.apache.catalina.core.ContainerBase.start(ContainerBase.java:1057)
	at org.apache.catalina.core.StandardHost.start(StandardHost.java:840)
	at org.apache.catalina.core.ContainerBase.start(ContainerBase.java:1057)
	at org.apache.catalina.core.StandardEngine.start(StandardEngine.java:463)
	at org.apache.catalina.startup.Embedded.start(Embedded.java:825)
	at org.apache.tomcat.maven.plugin.tomcat6.AbstractRunMojo.startContainer(AbstractRunMojo.java:908)
	at org.apache.tomcat.maven.plugin.tomcat6.AbstractRunMojo.execute(AbstractRunMojo.java:463)
	at org.apache.maven.plugin.DefaultBuildPluginManager.executeMojo(DefaultBuildPluginManager.java:101)
	at org.apache.maven.lifecycle.internal.MojoExecutor.execute(MojoExecutor.java:209)
	at org.apache.maven.lifecycle.internal.MojoExecutor.execute(MojoExecutor.java:153)
	at org.apache.maven.lifecycle.internal.MojoExecutor.execute(MojoExecutor.java:145)
	at org.apache.maven.lifecycle.internal.LifecycleModuleBuilder.buildProject(LifecycleModuleBuilder.java:84)
	at org.apache.maven.lifecycle.internal.LifecycleModuleBuilder.buildProject(LifecycleModuleBuilder.java:59)
	at org.apache.maven.lifecycle.internal.LifecycleStarter.singleThreadedBuild(LifecycleStarter.java:183)
	at org.apache.maven.lifecycle.internal.LifecycleStarter.execute(LifecycleStarter.java:161)
	at org.apache.maven.DefaultMaven.doExecute(DefaultMaven.java:320)
	at org.apache.maven.DefaultMaven.execute(DefaultMaven.java:156)
	at org.apache.maven.cli.MavenCli.execute(MavenCli.java:537)
	at org.apache.maven.cli.MavenCli.doMain(MavenCli.java:196)
	at org.apache.maven.cli.MavenCli.main(MavenCli.java:141)
	at sun.reflect.NativeMethodAccessorImpl.invoke0(Native Method)
	at sun.reflect.NativeMethodAccessorImpl.invoke(NativeMethodAccessorImpl.java:57)
	at sun.reflect.DelegatingMethodAccessorImpl.invoke(DelegatingMethodAccessorImpl.java:43)
	at java.lang.reflect.Method.invoke(Method.java:606)
	at org.codehaus.plexus.classworlds.launcher.Launcher.launchEnhanced(Launcher.java:290)
	at org.codehaus.plexus.classworlds.launcher.Launcher.launch(Launcher.java:230)
	at org.codehaus.plexus.classworlds.launcher.Launcher.mainWithExitCode(Launcher.java:409)
	at org.codehaus.plexus.classworlds.launcher.Launcher.main(Launcher.java:352)
Caused by: org.springframework.beans.factory.support.BeanDefinitionValidationException: Couldn't find a destroy method named 'close' on bean with name 'jedisPool'
	at org.springframework.beans.factory.support.DisposableBeanAdapter.<init>(DisposableBeanAdapter.java:123)
	at org.springframework.beans.factory.support.AbstractBeanFactory.registerDisposableBeanIfNecessary(AbstractBeanFactory.java:1564)
	at org.springframework.beans.factory.support.AbstractAutowireCapableBeanFactory.doCreateBean(AbstractAutowireCapableBeanFactory.java:580)
	... 47 more
[INFO] [2017-12-15 15:11:42][org.springframework.web.context.ContextLoader]Root WebApplicationContext: initialization started
[INFO] [2017-12-15 15:11:42][org.springframework.web.context.support.XmlWebApplicationContext]Refreshing Root WebApplicationContext: startup date [Fri Dec 15 15:11:42 CST 2017]; root of context hierarchy
[INFO] [2017-12-15 15:11:42][org.springframework.beans.factory.xml.XmlBeanDefinitionReader]Loading XML bean definitions from URL [file:/F:/workspace10/SSM/target/classes/spring-mybatis.xml]
[INFO] [2017-12-15 15:11:43][org.springframework.beans.factory.config.PropertyPlaceholderConfigurer]Loading properties file from class path resource [jdbc.properties]
[INFO] [2017-12-15 15:11:43][com.alibaba.druid.pool.DruidDataSource]{dataSource-1} inited
[INFO] [2017-12-15 15:11:44][org.springframework.web.context.ContextLoader]Root WebApplicationContext: initialization completed in 2259 ms
[INFO] [2017-12-15 15:11:44][org.springframework.web.servlet.DispatcherServlet]FrameworkServlet 'springServlet': initialization started
[INFO] [2017-12-15 15:11:44][org.springframework.web.context.support.XmlWebApplicationContext]Refreshing WebApplicationContext for namespace 'springServlet-servlet': startup date [Fri Dec 15 15:11:44 CST 2017]; parent: Root WebApplicationContext
[INFO] [2017-12-15 15:11:44][org.springframework.beans.factory.xml.XmlBeanDefinitionReader]Loading XML bean definitions from file [F:\workspace10\SSM\target\classes\spring-mvc.xml]
[ERROR] [2017-12-15 15:11:44][org.springframework.web.servlet.DispatcherServlet]Context initialization failed
org.springframework.beans.factory.xml.XmlBeanDefinitionStoreException: Line 26 in XML document from file [F:\workspace10\SSM\target\classes\spring-mvc.xml] is invalid; nested exception is org.xml.sax.SAXParseException; lineNumber: 26; columnNumber: 26; cvc-complex-type.2.4.c: 通配符的匹配很全面, 但无法找到元素 'mvc:annotation-driven' 的声明。
	at org.springframework.beans.factory.xml.XmlBeanDefinitionReader.doLoadBeanDefinitions(XmlBeanDefinitionReader.java:399)
	at org.springframework.beans.factory.xml.XmlBeanDefinitionReader.loadBeanDefinitions(XmlBeanDefinitionReader.java:336)
	at org.springframework.beans.factory.xml.XmlBeanDefinitionReader.loadBeanDefinitions(XmlBeanDefinitionReader.java:304)
	at org.springframework.beans.factory.support.AbstractBeanDefinitionReader.loadBeanDefinitions(AbstractBeanDefinitionReader.java:180)
	at org.springframework.beans.factory.support.AbstractBeanDefinitionReader.loadBeanDefinitions(AbstractBeanDefinitionReader.java:216)
	at org.springframework.beans.factory.support.AbstractBeanDefinitionReader.loadBeanDefinitions(AbstractBeanDefinitionReader.java:187)
	at org.springframework.web.context.support.XmlWebApplicationContext.loadBeanDefinitions(XmlWebApplicationContext.java:125)
	at org.springframework.web.context.support.XmlWebApplicationContext.loadBeanDefinitions(XmlWebApplicationContext.java:94)
	at org.springframework.context.support.AbstractRefreshableApplicationContext.refreshBeanFactory(AbstractRefreshableApplicationContext.java:129)
	at org.springframework.context.support.AbstractApplicationContext.obtainFreshBeanFactory(AbstractApplicationContext.java:542)
	at org.springframework.context.support.AbstractApplicationContext.refresh(AbstractApplicationContext.java:454)
	at org.springframework.web.servlet.FrameworkServlet.configureAndRefreshWebApplicationContext(FrameworkServlet.java:658)
	at org.springframework.web.servlet.FrameworkServlet.createWebApplicationContext(FrameworkServlet.java:624)
	at org.springframework.web.servlet.FrameworkServlet.createWebApplicationContext(FrameworkServlet.java:672)
	at org.springframework.web.servlet.FrameworkServlet.initWebApplicationContext(FrameworkServlet.java:543)
	at org.springframework.web.servlet.FrameworkServlet.initServletBean(FrameworkServlet.java:484)
	at org.springframework.web.servlet.HttpServletBean.init(HttpServletBean.java:136)
	at javax.servlet.GenericServlet.init(GenericServlet.java:212)
	at org.apache.catalina.core.StandardWrapper.loadServlet(StandardWrapper.java:1206)
	at org.apache.catalina.core.StandardWrapper.load(StandardWrapper.java:1026)
	at org.apache.catalina.core.StandardContext.loadOnStartup(StandardContext.java:4421)
	at org.apache.catalina.core.StandardContext.start(StandardContext.java:4734)
	at org.apache.catalina.core.ContainerBase.start(ContainerBase.java:1057)
	at org.apache.catalina.core.StandardHost.start(StandardHost.java:840)
	at org.apache.catalina.core.ContainerBase.start(ContainerBase.java:1057)
	at org.apache.catalina.core.StandardEngine.start(StandardEngine.java:463)
	at org.apache.catalina.startup.Embedded.start(Embedded.java:825)
	at org.apache.tomcat.maven.plugin.tomcat6.AbstractRunMojo.startContainer(AbstractRunMojo.java:908)
	at org.apache.tomcat.maven.plugin.tomcat6.AbstractRunMojo.execute(AbstractRunMojo.java:463)
	at org.apache.maven.plugin.DefaultBuildPluginManager.executeMojo(DefaultBuildPluginManager.java:101)
	at org.apache.maven.lifecycle.internal.MojoExecutor.execute(MojoExecutor.java:209)
	at org.apache.maven.lifecycle.internal.MojoExecutor.execute(MojoExecutor.java:153)
	at org.apache.maven.lifecycle.internal.MojoExecutor.execute(MojoExecutor.java:145)
	at org.apache.maven.lifecycle.internal.LifecycleModuleBuilder.buildProject(LifecycleModuleBuilder.java:84)
	at org.apache.maven.lifecycle.internal.LifecycleModuleBuilder.buildProject(LifecycleModuleBuilder.java:59)
	at org.apache.maven.lifecycle.internal.LifecycleStarter.singleThreadedBuild(LifecycleStarter.java:183)
	at org.apache.maven.lifecycle.internal.LifecycleStarter.execute(LifecycleStarter.java:161)
	at org.apache.maven.DefaultMaven.doExecute(DefaultMaven.java:320)
	at org.apache.maven.DefaultMaven.execute(DefaultMaven.java:156)
	at org.apache.maven.cli.MavenCli.execute(MavenCli.java:537)
	at org.apache.maven.cli.MavenCli.doMain(MavenCli.java:196)
	at org.apache.maven.cli.MavenCli.main(MavenCli.java:141)
	at sun.reflect.NativeMethodAccessorImpl.invoke0(Native Method)
	at sun.reflect.NativeMethodAccessorImpl.invoke(NativeMethodAccessorImpl.java:57)
	at sun.reflect.DelegatingMethodAccessorImpl.invoke(DelegatingMethodAccessorImpl.java:43)
	at java.lang.reflect.Method.invoke(Method.java:606)
	at org.codehaus.plexus.classworlds.launcher.Launcher.launchEnhanced(Launcher.java:290)
	at org.codehaus.plexus.classworlds.launcher.Launcher.launch(Launcher.java:230)
	at org.codehaus.plexus.classworlds.launcher.Launcher.mainWithExitCode(Launcher.java:409)
	at org.codehaus.plexus.classworlds.launcher.Launcher.main(Launcher.java:352)
Caused by: org.xml.sax.SAXParseException; lineNumber: 26; columnNumber: 26; cvc-complex-type.2.4.c: 通配符的匹配很全面, 但无法找到元素 'mvc:annotation-driven' 的声明。
	at com.sun.org.apache.xerces.internal.util.ErrorHandlerWrapper.createSAXParseException(ErrorHandlerWrapper.java:198)
	at com.sun.org.apache.xerces.internal.util.ErrorHandlerWrapper.error(ErrorHandlerWrapper.java:134)
	at com.sun.org.apache.xerces.internal.impl.XMLErrorReporter.reportError(XMLErrorReporter.java:437)
	at com.sun.org.apache.xerces.internal.impl.XMLErrorReporter.reportError(XMLErrorReporter.java:368)
	at com.sun.org.apache.xerces.internal.impl.XMLErrorReporter.reportError(XMLErrorReporter.java:325)
	at com.sun.org.apache.xerces.internal.impl.xs.XMLSchemaValidator$XSIErrorReporter.reportError(XMLSchemaValidator.java:458)
	at com.sun.org.apache.xerces.internal.impl.xs.XMLSchemaValidator.reportSchemaError(XMLSchemaValidator.java:3237)
	at com.sun.org.apache.xerces.internal.impl.xs.XMLSchemaValidator.handleStartElement(XMLSchemaValidator.java:1917)
	at com.sun.org.apache.xerces.internal.impl.xs.XMLSchemaValidator.emptyElement(XMLSchemaValidator.java:766)
	at com.sun.org.apache.xerces.internal.impl.XMLNSDocumentScannerImpl.scanStartElement(XMLNSDocumentScannerImpl.java:356)
	at com.sun.org.apache.xerces.internal.impl.XMLDocumentFragmentScannerImpl$FragmentContentDriver.next(XMLDocumentFragmentScannerImpl.java:2786)
	at com.sun.org.apache.xerces.internal.impl.XMLDocumentScannerImpl.next(XMLDocumentScannerImpl.java:606)
	at com.sun.org.apache.xerces.internal.impl.XMLNSDocumentScannerImpl.next(XMLNSDocumentScannerImpl.java:117)
	at com.sun.org.apache.xerces.internal.impl.XMLDocumentFragmentScannerImpl.scanDocument(XMLDocumentFragmentScannerImpl.java:510)
	at com.sun.org.apache.xerces.internal.parsers.XML11Configuration.parse(XML11Configuration.java:848)
	at com.sun.org.apache.xerces.internal.parsers.XML11Configuration.parse(XML11Configuration.java:777)
	at com.sun.org.apache.xerces.internal.parsers.XMLParser.parse(XMLParser.java:141)
	at com.sun.org.apache.xerces.internal.parsers.DOMParser.parse(DOMParser.java:243)
	at com.sun.org.apache.xerces.internal.jaxp.DocumentBuilderImpl.parse(DocumentBuilderImpl.java:347)
	at org.springframework.beans.factory.xml.DefaultDocumentLoader.loadDocument(DefaultDocumentLoader.java:76)
	at org.springframework.beans.factory.xml.XmlBeanDefinitionReader.doLoadDocument(XmlBeanDefinitionReader.java:429)
	at org.springframework.beans.factory.xml.XmlBeanDefinitionReader.doLoadBeanDefinitions(XmlBeanDefinitionReader.java:391)
	... 49 more
[INFO] [2017-12-15 15:16:17][org.springframework.web.context.ContextLoader]Root WebApplicationContext: initialization started
[INFO] [2017-12-15 15:16:17][org.springframework.web.context.support.XmlWebApplicationContext]Refreshing Root WebApplicationContext: startup date [Fri Dec 15 15:16:17 CST 2017]; root of context hierarchy
[INFO] [2017-12-15 15:16:17][org.springframework.beans.factory.xml.XmlBeanDefinitionReader]Loading XML bean definitions from URL [file:/F:/workspace10/SSM/target/classes/spring-mybatis.xml]
[INFO] [2017-12-15 15:16:18][org.springframework.beans.factory.config.PropertyPlaceholderConfigurer]Loading properties file from class path resource [jdbc.properties]
[INFO] [2017-12-15 15:16:20][com.alibaba.druid.pool.DruidDataSource]{dataSource-1} inited
[INFO] [2017-12-15 15:16:20][org.springframework.web.context.ContextLoader]Root WebApplicationContext: initialization completed in 3235 ms
[INFO] [2017-12-15 15:16:20][org.springframework.web.servlet.DispatcherServlet]FrameworkServlet 'springServlet': initialization started
[INFO] [2017-12-15 15:16:20][org.springframework.web.context.support.XmlWebApplicationContext]Refreshing WebApplicationContext for namespace 'springServlet-servlet': startup date [Fri Dec 15 15:16:20 CST 2017]; parent: Root WebApplicationContext
[INFO] [2017-12-15 15:16:20][org.springframework.beans.factory.xml.XmlBeanDefinitionReader]Loading XML bean definitions from file [F:\workspace10\SSM\target\classes\spring-mvc.xml]
[ERROR] [2017-12-15 15:16:20][org.springframework.web.servlet.DispatcherServlet]Context initialization failed
org.springframework.beans.factory.xml.XmlBeanDefinitionStoreException: Line 31 in XML document from file [F:\workspace10\SSM\target\classes\spring-mvc.xml] is invalid; nested exception is org.xml.sax.SAXParseException; lineNumber: 31; columnNumber: 33; cvc-complex-type.2.4.c: 通配符的匹配很全面, 但无法找到元素 'mvc:default-servlet-handler' 的声明。
	at org.springframework.beans.factory.xml.XmlBeanDefinitionReader.doLoadBeanDefinitions(XmlBeanDefinitionReader.java:399)
	at org.springframework.beans.factory.xml.XmlBeanDefinitionReader.loadBeanDefinitions(XmlBeanDefinitionReader.java:336)
	at org.springframework.beans.factory.xml.XmlBeanDefinitionReader.loadBeanDefinitions(XmlBeanDefinitionReader.java:304)
	at org.springframework.beans.factory.support.AbstractBeanDefinitionReader.loadBeanDefinitions(AbstractBeanDefinitionReader.java:180)
	at org.springframework.beans.factory.support.AbstractBeanDefinitionReader.loadBeanDefinitions(AbstractBeanDefinitionReader.java:216)
	at org.springframework.beans.factory.support.AbstractBeanDefinitionReader.loadBeanDefinitions(AbstractBeanDefinitionReader.java:187)
	at org.springframework.web.context.support.XmlWebApplicationContext.loadBeanDefinitions(XmlWebApplicationContext.java:125)
	at org.springframework.web.context.support.XmlWebApplicationContext.loadBeanDefinitions(XmlWebApplicationContext.java:94)
	at org.springframework.context.support.AbstractRefreshableApplicationContext.refreshBeanFactory(AbstractRefreshableApplicationContext.java:129)
	at org.springframework.context.support.AbstractApplicationContext.obtainFreshBeanFactory(AbstractApplicationContext.java:542)
	at org.springframework.context.support.AbstractApplicationContext.refresh(AbstractApplicationContext.java:454)
	at org.springframework.web.servlet.FrameworkServlet.configureAndRefreshWebApplicationContext(FrameworkServlet.java:658)
	at org.springframework.web.servlet.FrameworkServlet.createWebApplicationContext(FrameworkServlet.java:624)
	at org.springframework.web.servlet.FrameworkServlet.createWebApplicationContext(FrameworkServlet.java:672)
	at org.springframework.web.servlet.FrameworkServlet.initWebApplicationContext(FrameworkServlet.java:543)
	at org.springframework.web.servlet.FrameworkServlet.initServletBean(FrameworkServlet.java:484)
	at org.springframework.web.servlet.HttpServletBean.init(HttpServletBean.java:136)
	at javax.servlet.GenericServlet.init(GenericServlet.java:212)
	at org.apache.catalina.core.StandardWrapper.loadServlet(StandardWrapper.java:1206)
	at org.apache.catalina.core.StandardWrapper.load(StandardWrapper.java:1026)
	at org.apache.catalina.core.StandardContext.loadOnStartup(StandardContext.java:4421)
	at org.apache.catalina.core.StandardContext.start(StandardContext.java:4734)
	at org.apache.catalina.core.ContainerBase.start(ContainerBase.java:1057)
	at org.apache.catalina.core.StandardHost.start(StandardHost.java:840)
	at org.apache.catalina.core.ContainerBase.start(ContainerBase.java:1057)
	at org.apache.catalina.core.StandardEngine.start(StandardEngine.java:463)
	at org.apache.catalina.startup.Embedded.start(Embedded.java:825)
	at org.apache.tomcat.maven.plugin.tomcat6.AbstractRunMojo.startContainer(AbstractRunMojo.java:908)
	at org.apache.tomcat.maven.plugin.tomcat6.AbstractRunMojo.execute(AbstractRunMojo.java:463)
	at org.apache.maven.plugin.DefaultBuildPluginManager.executeMojo(DefaultBuildPluginManager.java:101)
	at org.apache.maven.lifecycle.internal.MojoExecutor.execute(MojoExecutor.java:209)
	at org.apache.maven.lifecycle.internal.MojoExecutor.execute(MojoExecutor.java:153)
	at org.apache.maven.lifecycle.internal.MojoExecutor.execute(MojoExecutor.java:145)
	at org.apache.maven.lifecycle.internal.LifecycleModuleBuilder.buildProject(LifecycleModuleBuilder.java:84)
	at org.apache.maven.lifecycle.internal.LifecycleModuleBuilder.buildProject(LifecycleModuleBuilder.java:59)
	at org.apache.maven.lifecycle.internal.LifecycleStarter.singleThreadedBuild(LifecycleStarter.java:183)
	at org.apache.maven.lifecycle.internal.LifecycleStarter.execute(LifecycleStarter.java:161)
	at org.apache.maven.DefaultMaven.doExecute(DefaultMaven.java:320)
	at org.apache.maven.DefaultMaven.execute(DefaultMaven.java:156)
	at org.apache.maven.cli.MavenCli.execute(MavenCli.java:537)
	at org.apache.maven.cli.MavenCli.doMain(MavenCli.java:196)
	at org.apache.maven.cli.MavenCli.main(MavenCli.java:141)
	at sun.reflect.NativeMethodAccessorImpl.invoke0(Native Method)
	at sun.reflect.NativeMethodAccessorImpl.invoke(NativeMethodAccessorImpl.java:57)
	at sun.reflect.DelegatingMethodAccessorImpl.invoke(DelegatingMethodAccessorImpl.java:43)
	at java.lang.reflect.Method.invoke(Method.java:606)
	at org.codehaus.plexus.classworlds.launcher.Launcher.launchEnhanced(Launcher.java:290)
	at org.codehaus.plexus.classworlds.launcher.Launcher.launch(Launcher.java:230)
	at org.codehaus.plexus.classworlds.launcher.Launcher.mainWithExitCode(Launcher.java:409)
	at org.codehaus.plexus.classworlds.launcher.Launcher.main(Launcher.java:352)
Caused by: org.xml.sax.SAXParseException; lineNumber: 31; columnNumber: 33; cvc-complex-type.2.4.c: 通配符的匹配很全面, 但无法找到元素 'mvc:default-servlet-handler' 的声明。
	at com.sun.org.apache.xerces.internal.util.ErrorHandlerWrapper.createSAXParseException(ErrorHandlerWrapper.java:198)
	at com.sun.org.apache.xerces.internal.util.ErrorHandlerWrapper.error(ErrorHandlerWrapper.java:134)
	at com.sun.org.apache.xerces.internal.impl.XMLErrorReporter.reportError(XMLErrorReporter.java:437)
	at com.sun.org.apache.xerces.internal.impl.XMLErrorReporter.reportError(XMLErrorReporter.java:368)
	at com.sun.org.apache.xerces.internal.impl.XMLErrorReporter.reportError(XMLErrorReporter.java:325)
	at com.sun.org.apache.xerces.internal.impl.xs.XMLSchemaValidator$XSIErrorReporter.reportError(XMLSchemaValidator.java:458)
	at com.sun.org.apache.xerces.internal.impl.xs.XMLSchemaValidator.reportSchemaError(XMLSchemaValidator.java:3237)
	at com.sun.org.apache.xerces.internal.impl.xs.XMLSchemaValidator.handleStartElement(XMLSchemaValidator.java:1917)
	at com.sun.org.apache.xerces.internal.impl.xs.XMLSchemaValidator.emptyElement(XMLSchemaValidator.java:766)
	at com.sun.org.apache.xerces.internal.impl.XMLNSDocumentScannerImpl.scanStartElement(XMLNSDocumentScannerImpl.java:356)
	at com.sun.org.apache.xerces.internal.impl.XMLDocumentFragmentScannerImpl$FragmentContentDriver.next(XMLDocumentFragmentScannerImpl.java:2786)
	at com.sun.org.apache.xerces.internal.impl.XMLDocumentScannerImpl.next(XMLDocumentScannerImpl.java:606)
	at com.sun.org.apache.xerces.internal.impl.XMLNSDocumentScannerImpl.next(XMLNSDocumentScannerImpl.java:117)
	at com.sun.org.apache.xerces.internal.impl.XMLDocumentFragmentScannerImpl.scanDocument(XMLDocumentFragmentScannerImpl.java:510)
	at com.sun.org.apache.xerces.internal.parsers.XML11Configuration.parse(XML11Configuration.java:848)
	at com.sun.org.apache.xerces.internal.parsers.XML11Configuration.parse(XML11Configuration.java:777)
	at com.sun.org.apache.xerces.internal.parsers.XMLParser.parse(XMLParser.java:141)
	at com.sun.org.apache.xerces.internal.parsers.DOMParser.parse(DOMParser.java:243)
	at com.sun.org.apache.xerces.internal.jaxp.DocumentBuilderImpl.parse(DocumentBuilderImpl.java:347)
	at org.springframework.beans.factory.xml.DefaultDocumentLoader.loadDocument(DefaultDocumentLoader.java:76)
	at org.springframework.beans.factory.xml.XmlBeanDefinitionReader.doLoadDocument(XmlBeanDefinitionReader.java:429)
	at org.springframework.beans.factory.xml.XmlBeanDefinitionReader.doLoadBeanDefinitions(XmlBeanDefinitionReader.java:391)
	... 49 more
[INFO] [2017-12-15 15:19:06][org.springframework.web.context.ContextLoader]Root WebApplicationContext: initialization started
[INFO] [2017-12-15 15:19:06][org.springframework.web.context.support.XmlWebApplicationContext]Refreshing Root WebApplicationContext: startup date [Fri Dec 15 15:19:06 CST 2017]; root of context hierarchy
[INFO] [2017-12-15 15:19:06][org.springframework.beans.factory.xml.XmlBeanDefinitionReader]Loading XML bean definitions from URL [file:/F:/workspace10/SSM/target/classes/spring-mybatis.xml]
[INFO] [2017-12-15 15:19:07][org.springframework.beans.factory.config.PropertyPlaceholderConfigurer]Loading properties file from class path resource [jdbc.properties]
[INFO] [2017-12-15 15:19:08][com.alibaba.druid.pool.DruidDataSource]{dataSource-1} inited
[INFO] [2017-12-15 15:19:08][org.springframework.web.context.ContextLoader]Root WebApplicationContext: initialization completed in 2378 ms
[INFO] [2017-12-15 15:19:08][org.springframework.web.servlet.DispatcherServlet]FrameworkServlet 'springServlet': initialization started
[INFO] [2017-12-15 15:19:08][org.springframework.web.context.support.XmlWebApplicationContext]Refreshing WebApplicationContext for namespace 'springServlet-servlet': startup date [Fri Dec 15 15:19:08 CST 2017]; parent: Root WebApplicationContext
[INFO] [2017-12-15 15:19:08][org.springframework.beans.factory.xml.XmlBeanDefinitionReader]Loading XML bean definitions from file [F:\workspace10\SSM\target\classes\spring-mvc.xml]
[ERROR] [2017-12-15 15:19:08][org.springframework.web.servlet.DispatcherServlet]Context initialization failed
org.springframework.beans.factory.xml.XmlBeanDefinitionStoreException: Line 112 in XML document from file [F:\workspace10\SSM\target\classes\spring-mvc.xml] is invalid; nested exception is org.xml.sax.SAXParseException; lineNumber: 112; columnNumber: 18; 与元素类型 "destroy-method" 相关联的属性 "{1}" 应有左引号。
	at org.springframework.beans.factory.xml.XmlBeanDefinitionReader.doLoadBeanDefinitions(XmlBeanDefinitionReader.java:399)
	at org.springframework.beans.factory.xml.XmlBeanDefinitionReader.loadBeanDefinitions(XmlBeanDefinitionReader.java:336)
	at org.springframework.beans.factory.xml.XmlBeanDefinitionReader.loadBeanDefinitions(XmlBeanDefinitionReader.java:304)
	at org.springframework.beans.factory.support.AbstractBeanDefinitionReader.loadBeanDefinitions(AbstractBeanDefinitionReader.java:180)
	at org.springframework.beans.factory.support.AbstractBeanDefinitionReader.loadBeanDefinitions(AbstractBeanDefinitionReader.java:216)
	at org.springframework.beans.factory.support.AbstractBeanDefinitionReader.loadBeanDefinitions(AbstractBeanDefinitionReader.java:187)
	at org.springframework.web.context.support.XmlWebApplicationContext.loadBeanDefinitions(XmlWebApplicationContext.java:125)
	at org.springframework.web.context.support.XmlWebApplicationContext.loadBeanDefinitions(XmlWebApplicationContext.java:94)
	at org.springframework.context.support.AbstractRefreshableApplicationContext.refreshBeanFactory(AbstractRefreshableApplicationContext.java:129)
	at org.springframework.context.support.AbstractApplicationContext.obtainFreshBeanFactory(AbstractApplicationContext.java:542)
	at org.springframework.context.support.AbstractApplicationContext.refresh(AbstractApplicationContext.java:454)
	at org.springframework.web.servlet.FrameworkServlet.configureAndRefreshWebApplicationContext(FrameworkServlet.java:658)
	at org.springframework.web.servlet.FrameworkServlet.createWebApplicationContext(FrameworkServlet.java:624)
	at org.springframework.web.servlet.FrameworkServlet.createWebApplicationContext(FrameworkServlet.java:672)
	at org.springframework.web.servlet.FrameworkServlet.initWebApplicationContext(FrameworkServlet.java:543)
	at org.springframework.web.servlet.FrameworkServlet.initServletBean(FrameworkServlet.java:484)
	at org.springframework.web.servlet.HttpServletBean.init(HttpServletBean.java:136)
	at javax.servlet.GenericServlet.init(GenericServlet.java:212)
	at org.apache.catalina.core.StandardWrapper.loadServlet(StandardWrapper.java:1206)
	at org.apache.catalina.core.StandardWrapper.load(StandardWrapper.java:1026)
	at org.apache.catalina.core.StandardContext.loadOnStartup(StandardContext.java:4421)
	at org.apache.catalina.core.StandardContext.start(StandardContext.java:4734)
	at org.apache.catalina.core.ContainerBase.start(ContainerBase.java:1057)
	at org.apache.catalina.core.StandardHost.start(StandardHost.java:840)
	at org.apache.catalina.core.ContainerBase.start(ContainerBase.java:1057)
	at org.apache.catalina.core.StandardEngine.start(StandardEngine.java:463)
	at org.apache.catalina.startup.Embedded.start(Embedded.java:825)
	at org.apache.tomcat.maven.plugin.tomcat6.AbstractRunMojo.startContainer(AbstractRunMojo.java:908)
	at org.apache.tomcat.maven.plugin.tomcat6.AbstractRunMojo.execute(AbstractRunMojo.java:463)
	at org.apache.maven.plugin.DefaultBuildPluginManager.executeMojo(DefaultBuildPluginManager.java:101)
	at org.apache.maven.lifecycle.internal.MojoExecutor.execute(MojoExecutor.java:209)
	at org.apache.maven.lifecycle.internal.MojoExecutor.execute(MojoExecutor.java:153)
	at org.apache.maven.lifecycle.internal.MojoExecutor.execute(MojoExecutor.java:145)
	at org.apache.maven.lifecycle.internal.LifecycleModuleBuilder.buildProject(LifecycleModuleBuilder.java:84)
	at org.apache.maven.lifecycle.internal.LifecycleModuleBuilder.buildProject(LifecycleModuleBuilder.java:59)
	at org.apache.maven.lifecycle.internal.LifecycleStarter.singleThreadedBuild(LifecycleStarter.java:183)
	at org.apache.maven.lifecycle.internal.LifecycleStarter.execute(LifecycleStarter.java:161)
	at org.apache.maven.DefaultMaven.doExecute(DefaultMaven.java:320)
	at org.apache.maven.DefaultMaven.execute(DefaultMaven.java:156)
	at org.apache.maven.cli.MavenCli.execute(MavenCli.java:537)
	at org.apache.maven.cli.MavenCli.doMain(MavenCli.java:196)
	at org.apache.maven.cli.MavenCli.main(MavenCli.java:141)
	at sun.reflect.NativeMethodAccessorImpl.invoke0(Native Method)
	at sun.reflect.NativeMethodAccessorImpl.invoke(NativeMethodAccessorImpl.java:57)
	at sun.reflect.DelegatingMethodAccessorImpl.invoke(DelegatingMethodAccessorImpl.java:43)
	at java.lang.reflect.Method.invoke(Method.java:606)
	at org.codehaus.plexus.classworlds.launcher.Launcher.launchEnhanced(Launcher.java:290)
	at org.codehaus.plexus.classworlds.launcher.Launcher.launch(Launcher.java:230)
	at org.codehaus.plexus.classworlds.launcher.Launcher.mainWithExitCode(Launcher.java:409)
	at org.codehaus.plexus.classworlds.launcher.Launcher.main(Launcher.java:352)
Caused by: org.xml.sax.SAXParseException; lineNumber: 112; columnNumber: 18; 与元素类型 "destroy-method" 相关联的属性 "{1}" 应有左引号。
	at com.sun.org.apache.xerces.internal.util.ErrorHandlerWrapper.createSAXParseException(ErrorHandlerWrapper.java:198)
	at com.sun.org.apache.xerces.internal.util.ErrorHandlerWrapper.fatalError(ErrorHandlerWrapper.java:177)
	at com.sun.org.apache.xerces.internal.impl.XMLErrorReporter.reportError(XMLErrorReporter.java:441)
	at com.sun.org.apache.xerces.internal.impl.XMLErrorReporter.reportError(XMLErrorReporter.java:368)
	at com.sun.org.apache.xerces.internal.impl.XMLScanner.reportFatalError(XMLScanner.java:1436)
	at com.sun.org.apache.xerces.internal.impl.XMLScanner.scanAttributeValue(XMLScanner.java:829)
	at com.sun.org.apache.xerces.internal.impl.XMLNSDocumentScannerImpl.scanAttribute(XMLNSDocumentScannerImpl.java:439)
	at com.sun.org.apache.xerces.internal.impl.XMLNSDocumentScannerImpl.scanStartElement(XMLNSDocumentScannerImpl.java:255)
	at com.sun.org.apache.xerces.internal.impl.XMLDocumentFragmentScannerImpl$FragmentContentDriver.next(XMLDocumentFragmentScannerImpl.java:2786)
	at com.sun.org.apache.xerces.internal.impl.XMLDocumentScannerImpl.next(XMLDocumentScannerImpl.java:606)
	at com.sun.org.apache.xerces.internal.impl.XMLNSDocumentScannerImpl.next(XMLNSDocumentScannerImpl.java:117)
	at com.sun.org.apache.xerces.internal.impl.XMLDocumentFragmentScannerImpl.scanDocument(XMLDocumentFragmentScannerImpl.java:510)
	at com.sun.org.apache.xerces.internal.parsers.XML11Configuration.parse(XML11Configuration.java:848)
	at com.sun.org.apache.xerces.internal.parsers.XML11Configuration.parse(XML11Configuration.java:777)
	at com.sun.org.apache.xerces.internal.parsers.XMLParser.parse(XMLParser.java:141)
	at com.sun.org.apache.xerces.internal.parsers.DOMParser.parse(DOMParser.java:243)
	at com.sun.org.apache.xerces.internal.jaxp.DocumentBuilderImpl.parse(DocumentBuilderImpl.java:347)
	at org.springframework.beans.factory.xml.DefaultDocumentLoader.loadDocument(DefaultDocumentLoader.java:76)
	at org.springframework.beans.factory.xml.XmlBeanDefinitionReader.doLoadDocument(XmlBeanDefinitionReader.java:429)
	at org.springframework.beans.factory.xml.XmlBeanDefinitionReader.doLoadBeanDefinitions(XmlBeanDefinitionReader.java:391)
	... 49 more
[INFO] [2017-12-15 15:19:51][org.springframework.web.context.ContextLoader]Root WebApplicationContext: initialization started
[INFO] [2017-12-15 15:19:51][org.springframework.web.context.support.XmlWebApplicationContext]Refreshing Root WebApplicationContext: startup date [Fri Dec 15 15:19:51 CST 2017]; root of context hierarchy
[INFO] [2017-12-15 15:19:51][org.springframework.beans.factory.xml.XmlBeanDefinitionReader]Loading XML bean definitions from URL [file:/F:/workspace10/SSM/target/classes/spring-mybatis.xml]
[INFO] [2017-12-15 15:19:52][org.springframework.beans.factory.config.PropertyPlaceholderConfigurer]Loading properties file from class path resource [jdbc.properties]
[INFO] [2017-12-15 15:19:52][com.alibaba.druid.pool.DruidDataSource]{dataSource-1} inited
[INFO] [2017-12-15 15:19:53][org.springframework.web.context.ContextLoader]Root WebApplicationContext: initialization completed in 2115 ms
[INFO] [2017-12-15 15:19:53][org.springframework.web.servlet.DispatcherServlet]FrameworkServlet 'springServlet': initialization started
[INFO] [2017-12-15 15:19:53][org.springframework.web.context.support.XmlWebApplicationContext]Refreshing WebApplicationContext for namespace 'springServlet-servlet': startup date [Fri Dec 15 15:19:53 CST 2017]; parent: Root WebApplicationContext
[INFO] [2017-12-15 15:19:53][org.springframework.beans.factory.xml.XmlBeanDefinitionReader]Loading XML bean definitions from file [F:\workspace10\SSM\target\classes\spring-mvc.xml]
[INFO] [2017-12-15 15:19:53][org.springframework.web.servlet.mvc.method.annotation.RequestMappingHandlerMapping]Mapped "{[/form/testform],methods=[GET],params=[],headers=[],consumes=[],produces=[],custom=[]}" onto public java.lang.String com.cn.zhou.controller.FormController.form(javax.servlet.http.HttpServletRequest,javax.servlet.http.HttpServletResponse,com.cn.zhou.entity.TagsModel,org.springframework.ui.Model)
[INFO] [2017-12-15 15:19:53][org.springframework.web.servlet.mvc.method.annotation.RequestMappingHandlerMapping]Mapped "{[/login/login],methods=[GET],params=[],headers=[],consumes=[],produces=[],custom=[]}" onto public java.lang.String com.cn.zhou.controller.LoginController.form(javax.servlet.http.HttpServletRequest,javax.servlet.http.HttpServletResponse,com.cn.zhou.entity.TagsModel,org.springframework.ui.Model)
[INFO] [2017-12-15 15:19:53][org.springframework.web.servlet.mvc.method.annotation.RequestMappingHandlerMapping]Mapped "{[/tags/test],methods=[GET],params=[],headers=[],consumes=[],produces=[],custom=[]}" onto public java.lang.String com.cn.zhou.controller.TagsController.test(org.springframework.ui.Model)
[INFO] [2017-12-15 15:19:53][org.springframework.web.servlet.mvc.method.annotation.RequestMappingHandlerMapping]Mapped "{[/upAndDown/download],methods=[],params=[],headers=[],consumes=[],produces=[],custom=[]}" onto public java.lang.String com.cn.zhou.controller.UpAndDownController.download(java.lang.String,javax.servlet.http.HttpServletRequest,javax.servlet.http.HttpServletResponse)
[INFO] [2017-12-15 15:19:53][org.springframework.web.servlet.mvc.method.annotation.RequestMappingHandlerMapping]Mapped "{[/upAndDown/upload],methods=[],params=[],headers=[],consumes=[],produces=[],custom=[]}" onto public java.lang.String com.cn.zhou.controller.UpAndDownController.upload(org.springframework.web.multipart.MultipartFile[],javax.servlet.http.HttpServletRequest) throws java.io.IOException
[INFO] [2017-12-15 15:19:53][org.springframework.web.servlet.mvc.method.annotation.RequestMappingHandlerMapping]Mapped "{[/upAndDown/showDownload],methods=[],params=[],headers=[],consumes=[],produces=[],custom=[]}" onto public java.lang.String com.cn.zhou.controller.UpAndDownController.showDownload()
[INFO] [2017-12-15 15:19:53][org.springframework.web.servlet.mvc.method.annotation.RequestMappingHandlerMapping]Mapped "{[/upAndDown/showUpload],methods=[],params=[],headers=[],consumes=[],produces=[],custom=[]}" onto public java.lang.String com.cn.zhou.controller.UpAndDownController.showUpload()
[INFO] [2017-12-15 15:19:53][org.springframework.web.servlet.mvc.method.annotation.RequestMappingHandlerMapping]Mapped "{[/user/showUser],methods=[],params=[],headers=[],consumes=[],produces=[],custom=[]}" onto public java.lang.String com.cn.zhou.controller.UserController.toIndex(javax.servlet.http.HttpServletRequest,org.springframework.ui.Model)
[INFO] [2017-12-15 15:19:54][org.springframework.web.servlet.handler.SimpleUrlHandlerMapping]Mapped URL path [/**] onto handler 'org.springframework.web.servlet.resource.DefaultServletHttpRequestHandler#0'
[INFO] [2017-12-15 15:19:54][org.springframework.web.servlet.handler.SimpleUrlHandlerMapping]Mapped URL path [/chahua3205/**] onto handler 'org.springframework.web.servlet.resource.ResourceHttpRequestHandler#0'
[INFO] [2017-12-15 15:19:54][org.springframework.cache.ehcache.EhCacheManagerFactoryBean]Initializing EhCache CacheManager
[WARN] [2017-12-15 15:19:54][org.springframework.web.context.support.XmlWebApplicationContext]Exception encountered during context initialization - cancelling refresh attempt
org.springframework.beans.factory.BeanCreationException: Error creating bean with name 'cacheManager' defined in file [F:\workspace10\SSM\target\classes\spring-mvc.xml]: Cannot resolve reference to bean 'ehcache' while setting bean property 'cacheManager'; nested exception is org.springframework.beans.factory.BeanCreationException: Error creating bean with name 'ehcache' defined in file [F:\workspace10\SSM\target\classes\spring-mvc.xml]: Invocation of init method failed; nested exception is java.io.FileNotFoundException: Could not open ServletContext resource [/ehcache.xml]
	at org.springframework.beans.factory.support.BeanDefinitionValueResolver.resolveReference(BeanDefinitionValueResolver.java:336)
	at org.springframework.beans.factory.support.BeanDefinitionValueResolver.resolveValueIfNecessary(BeanDefinitionValueResolver.java:108)
	at org.springframework.beans.factory.support.AbstractAutowireCapableBeanFactory.applyPropertyValues(AbstractAutowireCapableBeanFactory.java:1457)
	at org.springframework.beans.factory.support.AbstractAutowireCapableBeanFactory.populateBean(AbstractAutowireCapableBeanFactory.java:1198)
	at org.springframework.beans.factory.support.AbstractAutowireCapableBeanFactory.doCreateBean(AbstractAutowireCapableBeanFactory.java:537)
	at org.springframework.beans.factory.support.AbstractAutowireCapableBeanFactory.createBean(AbstractAutowireCapableBeanFactory.java:475)
	at org.springframework.beans.factory.support.AbstractBeanFactory$1.getObject(AbstractBeanFactory.java:302)
	at org.springframework.beans.factory.support.DefaultSingletonBeanRegistry.getSingleton(DefaultSingletonBeanRegistry.java:228)
	at org.springframework.beans.factory.support.AbstractBeanFactory.doGetBean(AbstractBeanFactory.java:298)
	at org.springframework.beans.factory.support.AbstractBeanFactory.getBean(AbstractBeanFactory.java:193)
	at org.springframework.beans.factory.support.DefaultListableBeanFactory.preInstantiateSingletons(DefaultListableBeanFactory.java:706)
	at org.springframework.context.support.AbstractApplicationContext.finishBeanFactoryInitialization(AbstractApplicationContext.java:762)
	at org.springframework.context.support.AbstractApplicationContext.refresh(AbstractApplicationContext.java:482)
	at org.springframework.web.servlet.FrameworkServlet.configureAndRefreshWebApplicationContext(FrameworkServlet.java:658)
	at org.springframework.web.servlet.FrameworkServlet.createWebApplicationContext(FrameworkServlet.java:624)
	at org.springframework.web.servlet.FrameworkServlet.createWebApplicationContext(FrameworkServlet.java:672)
	at org.springframework.web.servlet.FrameworkServlet.initWebApplicationContext(FrameworkServlet.java:543)
	at org.springframework.web.servlet.FrameworkServlet.initServletBean(FrameworkServlet.java:484)
	at org.springframework.web.servlet.HttpServletBean.init(HttpServletBean.java:136)
	at javax.servlet.GenericServlet.init(GenericServlet.java:212)
	at org.apache.catalina.core.StandardWrapper.loadServlet(StandardWrapper.java:1206)
	at org.apache.catalina.core.StandardWrapper.load(StandardWrapper.java:1026)
	at org.apache.catalina.core.StandardContext.loadOnStartup(StandardContext.java:4421)
	at org.apache.catalina.core.StandardContext.start(StandardContext.java:4734)
	at org.apache.catalina.core.ContainerBase.start(ContainerBase.java:1057)
	at org.apache.catalina.core.StandardHost.start(StandardHost.java:840)
	at org.apache.catalina.core.ContainerBase.start(ContainerBase.java:1057)
	at org.apache.catalina.core.StandardEngine.start(StandardEngine.java:463)
	at org.apache.catalina.startup.Embedded.start(Embedded.java:825)
	at org.apache.tomcat.maven.plugin.tomcat6.AbstractRunMojo.startContainer(AbstractRunMojo.java:908)
	at org.apache.tomcat.maven.plugin.tomcat6.AbstractRunMojo.execute(AbstractRunMojo.java:463)
	at org.apache.maven.plugin.DefaultBuildPluginManager.executeMojo(DefaultBuildPluginManager.java:101)
	at org.apache.maven.lifecycle.internal.MojoExecutor.execute(MojoExecutor.java:209)
	at org.apache.maven.lifecycle.internal.MojoExecutor.execute(MojoExecutor.java:153)
	at org.apache.maven.lifecycle.internal.MojoExecutor.execute(MojoExecutor.java:145)
	at org.apache.maven.lifecycle.internal.LifecycleModuleBuilder.buildProject(LifecycleModuleBuilder.java:84)
	at org.apache.maven.lifecycle.internal.LifecycleModuleBuilder.buildProject(LifecycleModuleBuilder.java:59)
	at org.apache.maven.lifecycle.internal.LifecycleStarter.singleThreadedBuild(LifecycleStarter.java:183)
	at org.apache.maven.lifecycle.internal.LifecycleStarter.execute(LifecycleStarter.java:161)
	at org.apache.maven.DefaultMaven.doExecute(DefaultMaven.java:320)
	at org.apache.maven.DefaultMaven.execute(DefaultMaven.java:156)
	at org.apache.maven.cli.MavenCli.execute(MavenCli.java:537)
	at org.apache.maven.cli.MavenCli.doMain(MavenCli.java:196)
	at org.apache.maven.cli.MavenCli.main(MavenCli.java:141)
	at sun.reflect.NativeMethodAccessorImpl.invoke0(Native Method)
	at sun.reflect.NativeMethodAccessorImpl.invoke(NativeMethodAccessorImpl.java:57)
	at sun.reflect.DelegatingMethodAccessorImpl.invoke(DelegatingMethodAccessorImpl.java:43)
	at java.lang.reflect.Method.invoke(Method.java:606)
	at org.codehaus.plexus.classworlds.launcher.Launcher.launchEnhanced(Launcher.java:290)
	at org.codehaus.plexus.classworlds.launcher.Launcher.launch(Launcher.java:230)
	at org.codehaus.plexus.classworlds.launcher.Launcher.mainWithExitCode(Launcher.java:409)
	at org.codehaus.plexus.classworlds.launcher.Launcher.main(Launcher.java:352)
Caused by: org.springframework.beans.factory.BeanCreationException: Error creating bean with name 'ehcache' defined in file [F:\workspace10\SSM\target\classes\spring-mvc.xml]: Invocation of init method failed; nested exception is java.io.FileNotFoundException: Could not open ServletContext resource [/ehcache.xml]
	at org.springframework.beans.factory.support.AbstractAutowireCapableBeanFactory.initializeBean(AbstractAutowireCapableBeanFactory.java:1554)
	at org.springframework.beans.factory.support.AbstractAutowireCapableBeanFactory.doCreateBean(AbstractAutowireCapableBeanFactory.java:539)
	at org.springframework.beans.factory.support.AbstractAutowireCapableBeanFactory.createBean(AbstractAutowireCapableBeanFactory.java:475)
	at org.springframework.beans.factory.support.AbstractBeanFactory$1.getObject(AbstractBeanFactory.java:302)
	at org.springframework.beans.factory.support.DefaultSingletonBeanRegistry.getSingleton(DefaultSingletonBeanRegistry.java:228)
	at org.springframework.beans.factory.support.AbstractBeanFactory.doGetBean(AbstractBeanFactory.java:298)
	at org.springframework.beans.factory.support.AbstractBeanFactory.getBean(AbstractBeanFactory.java:193)
	at org.springframework.beans.factory.support.BeanDefinitionValueResolver.resolveReference(BeanDefinitionValueResolver.java:328)
	... 51 more
Caused by: java.io.FileNotFoundException: Could not open ServletContext resource [/ehcache.xml]
	at org.springframework.web.context.support.ServletContextResource.getInputStream(ServletContextResource.java:141)
	at org.springframework.cache.ehcache.EhCacheManagerFactoryBean.afterPropertiesSet(EhCacheManagerFactoryBean.java:137)
	at org.springframework.beans.factory.support.AbstractAutowireCapableBeanFactory.invokeInitMethods(AbstractAutowireCapableBeanFactory.java:1613)
	at org.springframework.beans.factory.support.AbstractAutowireCapableBeanFactory.initializeBean(AbstractAutowireCapableBeanFactory.java:1550)
	... 58 more
[ERROR] [2017-12-15 15:19:54][org.springframework.web.servlet.DispatcherServlet]Context initialization failed
org.springframework.beans.factory.BeanCreationException: Error creating bean with name 'cacheManager' defined in file [F:\workspace10\SSM\target\classes\spring-mvc.xml]: Cannot resolve reference to bean 'ehcache' while setting bean property 'cacheManager'; nested exception is org.springframework.beans.factory.BeanCreationException: Error creating bean with name 'ehcache' defined in file [F:\workspace10\SSM\target\classes\spring-mvc.xml]: Invocation of init method failed; nested exception is java.io.FileNotFoundException: Could not open ServletContext resource [/ehcache.xml]
	at org.springframework.beans.factory.support.BeanDefinitionValueResolver.resolveReference(BeanDefinitionValueResolver.java:336)
	at org.springframework.beans.factory.support.BeanDefinitionValueResolver.resolveValueIfNecessary(BeanDefinitionValueResolver.java:108)
	at org.springframework.beans.factory.support.AbstractAutowireCapableBeanFactory.applyPropertyValues(AbstractAutowireCapableBeanFactory.java:1457)
	at org.springframework.beans.factory.support.AbstractAutowireCapableBeanFactory.populateBean(AbstractAutowireCapableBeanFactory.java:1198)
	at org.springframework.beans.factory.support.AbstractAutowireCapableBeanFactory.doCreateBean(AbstractAutowireCapableBeanFactory.java:537)
	at org.springframework.beans.factory.support.AbstractAutowireCapableBeanFactory.createBean(AbstractAutowireCapableBeanFactory.java:475)
	at org.springframework.beans.factory.support.AbstractBeanFactory$1.getObject(AbstractBeanFactory.java:302)
	at org.springframework.beans.factory.support.DefaultSingletonBeanRegistry.getSingleton(DefaultSingletonBeanRegistry.java:228)
	at org.springframework.beans.factory.support.AbstractBeanFactory.doGetBean(AbstractBeanFactory.java:298)
	at org.springframework.beans.factory.support.AbstractBeanFactory.getBean(AbstractBeanFactory.java:193)
	at org.springframework.beans.factory.support.DefaultListableBeanFactory.preInstantiateSingletons(DefaultListableBeanFactory.java:706)
	at org.springframework.context.support.AbstractApplicationContext.finishBeanFactoryInitialization(AbstractApplicationContext.java:762)
	at org.springframework.context.support.AbstractApplicationContext.refresh(AbstractApplicationContext.java:482)
	at org.springframework.web.servlet.FrameworkServlet.configureAndRefreshWebApplicationContext(FrameworkServlet.java:658)
	at org.springframework.web.servlet.FrameworkServlet.createWebApplicationContext(FrameworkServlet.java:624)
	at org.springframework.web.servlet.FrameworkServlet.createWebApplicationContext(FrameworkServlet.java:672)
	at org.springframework.web.servlet.FrameworkServlet.initWebApplicationContext(FrameworkServlet.java:543)
	at org.springframework.web.servlet.FrameworkServlet.initServletBean(FrameworkServlet.java:484)
	at org.springframework.web.servlet.HttpServletBean.init(HttpServletBean.java:136)
	at javax.servlet.GenericServlet.init(GenericServlet.java:212)
	at org.apache.catalina.core.StandardWrapper.loadServlet(StandardWrapper.java:1206)
	at org.apache.catalina.core.StandardWrapper.load(StandardWrapper.java:1026)
	at org.apache.catalina.core.StandardContext.loadOnStartup(StandardContext.java:4421)
	at org.apache.catalina.core.StandardContext.start(StandardContext.java:4734)
	at org.apache.catalina.core.ContainerBase.start(ContainerBase.java:1057)
	at org.apache.catalina.core.StandardHost.start(StandardHost.java:840)
	at org.apache.catalina.core.ContainerBase.start(ContainerBase.java:1057)
	at org.apache.catalina.core.StandardEngine.start(StandardEngine.java:463)
	at org.apache.catalina.startup.Embedded.start(Embedded.java:825)
	at org.apache.tomcat.maven.plugin.tomcat6.AbstractRunMojo.startContainer(AbstractRunMojo.java:908)
	at org.apache.tomcat.maven.plugin.tomcat6.AbstractRunMojo.execute(AbstractRunMojo.java:463)
	at org.apache.maven.plugin.DefaultBuildPluginManager.executeMojo(DefaultBuildPluginManager.java:101)
	at org.apache.maven.lifecycle.internal.MojoExecutor.execute(MojoExecutor.java:209)
	at org.apache.maven.lifecycle.internal.MojoExecutor.execute(MojoExecutor.java:153)
	at org.apache.maven.lifecycle.internal.MojoExecutor.execute(MojoExecutor.java:145)
	at org.apache.maven.lifecycle.internal.LifecycleModuleBuilder.buildProject(LifecycleModuleBuilder.java:84)
	at org.apache.maven.lifecycle.internal.LifecycleModuleBuilder.buildProject(LifecycleModuleBuilder.java:59)
	at org.apache.maven.lifecycle.internal.LifecycleStarter.singleThreadedBuild(LifecycleStarter.java:183)
	at org.apache.maven.lifecycle.internal.LifecycleStarter.execute(LifecycleStarter.java:161)
	at org.apache.maven.DefaultMaven.doExecute(DefaultMaven.java:320)
	at org.apache.maven.DefaultMaven.execute(DefaultMaven.java:156)
	at org.apache.maven.cli.MavenCli.execute(MavenCli.java:537)
	at org.apache.maven.cli.MavenCli.doMain(MavenCli.java:196)
	at org.apache.maven.cli.MavenCli.main(MavenCli.java:141)
	at sun.reflect.NativeMethodAccessorImpl.invoke0(Native Method)
	at sun.reflect.NativeMethodAccessorImpl.invoke(NativeMethodAccessorImpl.java:57)
	at sun.reflect.DelegatingMethodAccessorImpl.invoke(DelegatingMethodAccessorImpl.java:43)
	at java.lang.reflect.Method.invoke(Method.java:606)
	at org.codehaus.plexus.classworlds.launcher.Launcher.launchEnhanced(Launcher.java:290)
	at org.codehaus.plexus.classworlds.launcher.Launcher.launch(Launcher.java:230)
	at org.codehaus.plexus.classworlds.launcher.Launcher.mainWithExitCode(Launcher.java:409)
	at org.codehaus.plexus.classworlds.launcher.Launcher.main(Launcher.java:352)
Caused by: org.springframework.beans.factory.BeanCreationException: Error creating bean with name 'ehcache' defined in file [F:\workspace10\SSM\target\classes\spring-mvc.xml]: Invocation of init method failed; nested exception is java.io.FileNotFoundException: Could not open ServletContext resource [/ehcache.xml]
	at org.springframework.beans.factory.support.AbstractAutowireCapableBeanFactory.initializeBean(AbstractAutowireCapableBeanFactory.java:1554)
	at org.springframework.beans.factory.support.AbstractAutowireCapableBeanFactory.doCreateBean(AbstractAutowireCapableBeanFactory.java:539)
	at org.springframework.beans.factory.support.AbstractAutowireCapableBeanFactory.createBean(AbstractAutowireCapableBeanFactory.java:475)
	at org.springframework.beans.factory.support.AbstractBeanFactory$1.getObject(AbstractBeanFactory.java:302)
	at org.springframework.beans.factory.support.DefaultSingletonBeanRegistry.getSingleton(DefaultSingletonBeanRegistry.java:228)
	at org.springframework.beans.factory.support.AbstractBeanFactory.doGetBean(AbstractBeanFactory.java:298)
	at org.springframework.beans.factory.support.AbstractBeanFactory.getBean(AbstractBeanFactory.java:193)
	at org.springframework.beans.factory.support.BeanDefinitionValueResolver.resolveReference(BeanDefinitionValueResolver.java:328)
	... 51 more
Caused by: java.io.FileNotFoundException: Could not open ServletContext resource [/ehcache.xml]
	at org.springframework.web.context.support.ServletContextResource.getInputStream(ServletContextResource.java:141)
	at org.springframework.cache.ehcache.EhCacheManagerFactoryBean.afterPropertiesSet(EhCacheManagerFactoryBean.java:137)
	at org.springframework.beans.factory.support.AbstractAutowireCapableBeanFactory.invokeInitMethods(AbstractAutowireCapableBeanFactory.java:1613)
	at org.springframework.beans.factory.support.AbstractAutowireCapableBeanFactory.initializeBean(AbstractAutowireCapableBeanFactory.java:1550)
	... 58 more
[INFO] [2017-12-15 15:25:36][org.springframework.web.context.ContextLoader]Root WebApplicationContext: initialization started
[INFO] [2017-12-15 15:25:36][org.springframework.web.context.support.XmlWebApplicationContext]Refreshing Root WebApplicationContext: startup date [Fri Dec 15 15:25:36 CST 2017]; root of context hierarchy
[INFO] [2017-12-15 15:25:37][org.springframework.beans.factory.xml.XmlBeanDefinitionReader]Loading XML bean definitions from URL [file:/F:/workspace10/SSM/target/classes/spring-mybatis.xml]
[INFO] [2017-12-15 15:25:37][org.springframework.beans.factory.config.PropertyPlaceholderConfigurer]Loading properties file from class path resource [jdbc.properties]
[INFO] [2017-12-15 15:25:38][com.alibaba.druid.pool.DruidDataSource]{dataSource-1} inited
[INFO] [2017-12-15 15:25:38][org.springframework.web.context.ContextLoader]Root WebApplicationContext: initialization completed in 2141 ms
[INFO] [2017-12-15 15:25:39][org.springframework.web.servlet.DispatcherServlet]FrameworkServlet 'springServlet': initialization started
[INFO] [2017-12-15 15:25:39][org.springframework.web.context.support.XmlWebApplicationContext]Refreshing WebApplicationContext for namespace 'springServlet-servlet': startup date [Fri Dec 15 15:25:39 CST 2017]; parent: Root WebApplicationContext
[INFO] [2017-12-15 15:25:39][org.springframework.beans.factory.xml.XmlBeanDefinitionReader]Loading XML bean definitions from file [F:\workspace10\SSM\target\classes\spring-mvc.xml]
[INFO] [2017-12-15 15:25:39][org.springframework.web.servlet.mvc.method.annotation.RequestMappingHandlerMapping]Mapped "{[/form/testform],methods=[GET],params=[],headers=[],consumes=[],produces=[],custom=[]}" onto public java.lang.String com.cn.zhou.controller.FormController.form(javax.servlet.http.HttpServletRequest,javax.servlet.http.HttpServletResponse,com.cn.zhou.entity.TagsModel,org.springframework.ui.Model)
[INFO] [2017-12-15 15:25:39][org.springframework.web.servlet.mvc.method.annotation.RequestMappingHandlerMapping]Mapped "{[/login/login],methods=[GET],params=[],headers=[],consumes=[],produces=[],custom=[]}" onto public java.lang.String com.cn.zhou.controller.LoginController.form(javax.servlet.http.HttpServletRequest,javax.servlet.http.HttpServletResponse,com.cn.zhou.entity.TagsModel,org.springframework.ui.Model)
[INFO] [2017-12-15 15:25:39][org.springframework.web.servlet.mvc.method.annotation.RequestMappingHandlerMapping]Mapped "{[/tags/test],methods=[GET],params=[],headers=[],consumes=[],produces=[],custom=[]}" onto public java.lang.String com.cn.zhou.controller.TagsController.test(org.springframework.ui.Model)
[INFO] [2017-12-15 15:25:39][org.springframework.web.servlet.mvc.method.annotation.RequestMappingHandlerMapping]Mapped "{[/upAndDown/upload],methods=[],params=[],headers=[],consumes=[],produces=[],custom=[]}" onto public java.lang.String com.cn.zhou.controller.UpAndDownController.upload(org.springframework.web.multipart.MultipartFile[],javax.servlet.http.HttpServletRequest) throws java.io.IOException
[INFO] [2017-12-15 15:25:39][org.springframework.web.servlet.mvc.method.annotation.RequestMappingHandlerMapping]Mapped "{[/upAndDown/download],methods=[],params=[],headers=[],consumes=[],produces=[],custom=[]}" onto public java.lang.String com.cn.zhou.controller.UpAndDownController.download(java.lang.String,javax.servlet.http.HttpServletRequest,javax.servlet.http.HttpServletResponse)
[INFO] [2017-12-15 15:25:39][org.springframework.web.servlet.mvc.method.annotation.RequestMappingHandlerMapping]Mapped "{[/upAndDown/showUpload],methods=[],params=[],headers=[],consumes=[],produces=[],custom=[]}" onto public java.lang.String com.cn.zhou.controller.UpAndDownController.showUpload()
[INFO] [2017-12-15 15:25:39][org.springframework.web.servlet.mvc.method.annotation.RequestMappingHandlerMapping]Mapped "{[/upAndDown/showDownload],methods=[],params=[],headers=[],consumes=[],produces=[],custom=[]}" onto public java.lang.String com.cn.zhou.controller.UpAndDownController.showDownload()
[INFO] [2017-12-15 15:25:39][org.springframework.web.servlet.mvc.method.annotation.RequestMappingHandlerMapping]Mapped "{[/user/showUser],methods=[],params=[],headers=[],consumes=[],produces=[],custom=[]}" onto public java.lang.String com.cn.zhou.controller.UserController.toIndex(javax.servlet.http.HttpServletRequest,org.springframework.ui.Model)
[INFO] [2017-12-15 15:25:39][org.springframework.web.servlet.handler.SimpleUrlHandlerMapping]Mapped URL path [/**] onto handler 'org.springframework.web.servlet.resource.DefaultServletHttpRequestHandler#0'
[INFO] [2017-12-15 15:25:39][org.springframework.web.servlet.handler.SimpleUrlHandlerMapping]Mapped URL path [/chahua3205/**] onto handler 'org.springframework.web.servlet.resource.ResourceHttpRequestHandler#0'
[INFO] [2017-12-15 15:25:40][org.springframework.cache.ehcache.EhCacheManagerFactoryBean]Initializing EhCache CacheManager
[WARN] [2017-12-15 15:25:40][net.sf.ehcache.config.CacheConfiguration]Configuration problem for cache sampleCache1: MaxEntriesLocalHeap equal or greater than MaxEntriesLocalDisk. This will result in useless disk storage.
[WARN] [2017-12-15 15:25:40][net.sf.ehcache.config.CacheConfiguration]Configuration problem for cache books: MaxEntriesLocalHeap equal or greater than MaxEntriesLocalDisk. This will result in useless disk storage.
[INFO] [2017-12-15 15:25:40][org.springframework.web.servlet.DispatcherServlet]FrameworkServlet 'springServlet': initialization completed in 1733 ms
[INFO] [2017-12-15 15:56:03][org.springframework.web.context.ContextLoader]Root WebApplicationContext: initialization started
[INFO] [2017-12-15 15:56:04][org.springframework.web.context.support.XmlWebApplicationContext]Refreshing Root WebApplicationContext: startup date [Fri Dec 15 15:56:04 CST 2017]; root of context hierarchy
[INFO] [2017-12-15 15:56:04][org.springframework.beans.factory.xml.XmlBeanDefinitionReader]Loading XML bean definitions from URL [file:/F:/workspace10/SSM/target/classes/spring-mybatis.xml]
[INFO] [2017-12-15 15:56:04][org.springframework.beans.factory.config.PropertyPlaceholderConfigurer]Loading properties file from class path resource [jdbc.properties]
[INFO] [2017-12-15 15:56:05][com.alibaba.druid.pool.DruidDataSource]{dataSource-1} inited
[INFO] [2017-12-15 15:56:06][org.springframework.web.context.ContextLoader]Root WebApplicationContext: initialization completed in 2256 ms
[INFO] [2017-12-15 15:56:06][org.springframework.web.servlet.DispatcherServlet]FrameworkServlet 'springServlet': initialization started
[INFO] [2017-12-15 15:56:06][org.springframework.web.context.support.XmlWebApplicationContext]Refreshing WebApplicationContext for namespace 'springServlet-servlet': startup date [Fri Dec 15 15:56:06 CST 2017]; parent: Root WebApplicationContext
[INFO] [2017-12-15 15:56:06][org.springframework.beans.factory.xml.XmlBeanDefinitionReader]Loading XML bean definitions from file [F:\workspace10\SSM\target\classes\spring-mvc.xml]
[INFO] [2017-12-15 15:56:06][org.springframework.web.servlet.mvc.method.annotation.RequestMappingHandlerMapping]Mapped "{[/form/testform],methods=[GET],params=[],headers=[],consumes=[],produces=[],custom=[]}" onto public java.lang.String com.cn.zhou.controller.FormController.form(javax.servlet.http.HttpServletRequest,javax.servlet.http.HttpServletResponse,com.cn.zhou.entity.TagsModel,org.springframework.ui.Model)
[INFO] [2017-12-15 15:56:06][org.springframework.web.servlet.mvc.method.annotation.RequestMappingHandlerMapping]Mapped "{[/login/login],methods=[GET],params=[],headers=[],consumes=[],produces=[],custom=[]}" onto public java.lang.String com.cn.zhou.controller.LoginController.form(javax.servlet.http.HttpServletRequest,javax.servlet.http.HttpServletResponse,com.cn.zhou.entity.TagsModel,org.springframework.ui.Model)
[INFO] [2017-12-15 15:56:06][org.springframework.web.servlet.mvc.method.annotation.RequestMappingHandlerMapping]Mapped "{[/tags/test],methods=[GET],params=[],headers=[],consumes=[],produces=[],custom=[]}" onto public java.lang.String com.cn.zhou.controller.TagsController.test(org.springframework.ui.Model)
[INFO] [2017-12-15 15:56:06][org.springframework.web.servlet.mvc.method.annotation.RequestMappingHandlerMapping]Mapped "{[/upAndDown/download],methods=[],params=[],headers=[],consumes=[],produces=[],custom=[]}" onto public java.lang.String com.cn.zhou.controller.UpAndDownController.download(java.lang.String,javax.servlet.http.HttpServletRequest,javax.servlet.http.HttpServletResponse)
[INFO] [2017-12-15 15:56:06][org.springframework.web.servlet.mvc.method.annotation.RequestMappingHandlerMapping]Mapped "{[/upAndDown/upload],methods=[],params=[],headers=[],consumes=[],produces=[],custom=[]}" onto public java.lang.String com.cn.zhou.controller.UpAndDownController.upload(org.springframework.web.multipart.MultipartFile[],javax.servlet.http.HttpServletRequest) throws java.io.IOException
[INFO] [2017-12-15 15:56:06][org.springframework.web.servlet.mvc.method.annotation.RequestMappingHandlerMapping]Mapped "{[/upAndDown/showDownload],methods=[],params=[],headers=[],consumes=[],produces=[],custom=[]}" onto public java.lang.String com.cn.zhou.controller.UpAndDownController.showDownload()
[INFO] [2017-12-15 15:56:06][org.springframework.web.servlet.mvc.method.annotation.RequestMappingHandlerMapping]Mapped "{[/upAndDown/showUpload],methods=[],params=[],headers=[],consumes=[],produces=[],custom=[]}" onto public java.lang.String com.cn.zhou.controller.UpAndDownController.showUpload()
[INFO] [2017-12-15 15:56:06][org.springframework.web.servlet.mvc.method.annotation.RequestMappingHandlerMapping]Mapped "{[/user/showUser],methods=[],params=[],headers=[],consumes=[],produces=[],custom=[]}" onto public java.lang.String com.cn.zhou.controller.UserController.toIndex(javax.servlet.http.HttpServletRequest,org.springframework.ui.Model)
[INFO] [2017-12-15 15:56:07][org.springframework.web.servlet.handler.SimpleUrlHandlerMapping]Mapped URL path [/**] onto handler 'org.springframework.web.servlet.resource.DefaultServletHttpRequestHandler#0'
[INFO] [2017-12-15 15:56:07][org.springframework.web.servlet.handler.SimpleUrlHandlerMapping]Mapped URL path [/chahua3205/**] onto handler 'org.springframework.web.servlet.resource.ResourceHttpRequestHandler#0'
[INFO] [2017-12-15 15:56:07][org.springframework.cache.ehcache.EhCacheManagerFactoryBean]Initializing EhCache CacheManager
[WARN] [2017-12-15 15:56:07][net.sf.ehcache.config.CacheConfiguration]Configuration problem for cache sampleCache1: MaxEntriesLocalHeap equal or greater than MaxEntriesLocalDisk. This will result in useless disk storage.
[WARN] [2017-12-15 15:56:07][net.sf.ehcache.config.CacheConfiguration]Configuration problem for cache books: MaxEntriesLocalHeap equal or greater than MaxEntriesLocalDisk. This will result in useless disk storage.
[INFO] [2017-12-15 15:56:07][org.springframework.web.servlet.DispatcherServlet]FrameworkServlet 'springServlet': initialization completed in 1589 ms
[INFO] [2017-12-15 16:14:40][org.springframework.web.context.ContextLoader]Root WebApplicationContext: initialization started
[INFO] [2017-12-15 16:14:40][org.springframework.web.context.support.XmlWebApplicationContext]Refreshing Root WebApplicationContext: startup date [Fri Dec 15 16:14:40 CST 2017]; root of context hierarchy
[INFO] [2017-12-15 16:14:40][org.springframework.beans.factory.xml.XmlBeanDefinitionReader]Loading XML bean definitions from URL [file:/F:/workspace10/SSM/target/classes/spring-mybatis.xml]
[INFO] [2017-12-15 16:14:42][org.springframework.beans.factory.config.PropertyPlaceholderConfigurer]Loading properties file from class path resource [jdbc.properties]
[INFO] [2017-12-15 16:14:43][com.alibaba.druid.pool.DruidDataSource]{dataSource-1} inited
[INFO] [2017-12-15 16:14:43][org.springframework.web.context.ContextLoader]Root WebApplicationContext: initialization completed in 2877 ms
[INFO] [2017-12-15 16:14:43][org.springframework.web.servlet.DispatcherServlet]FrameworkServlet 'springServlet': initialization started
[INFO] [2017-12-15 16:14:43][org.springframework.web.context.support.XmlWebApplicationContext]Refreshing WebApplicationContext for namespace 'springServlet-servlet': startup date [Fri Dec 15 16:14:43 CST 2017]; parent: Root WebApplicationContext
[INFO] [2017-12-15 16:14:43][org.springframework.beans.factory.xml.XmlBeanDefinitionReader]Loading XML bean definitions from file [F:\workspace10\SSM\target\classes\spring-mvc.xml]
[INFO] [2017-12-15 16:14:44][org.springframework.web.servlet.mvc.method.annotation.RequestMappingHandlerMapping]Mapped "{[/form/testform],methods=[GET],params=[],headers=[],consumes=[],produces=[],custom=[]}" onto public java.lang.String com.cn.zhou.controller.FormController.form(javax.servlet.http.HttpServletRequest,javax.servlet.http.HttpServletResponse,com.cn.zhou.entity.TagsModel,org.springframework.ui.Model)
[INFO] [2017-12-15 16:14:44][org.springframework.web.servlet.mvc.method.annotation.RequestMappingHandlerMapping]Mapped "{[/login/login],methods=[GET],params=[],headers=[],consumes=[],produces=[],custom=[]}" onto public java.lang.String com.cn.zhou.controller.LoginController.form(javax.servlet.http.HttpServletRequest,javax.servlet.http.HttpServletResponse,com.cn.zhou.entity.TagsModel,org.springframework.ui.Model)
[INFO] [2017-12-15 16:14:44][org.springframework.web.servlet.mvc.method.annotation.RequestMappingHandlerMapping]Mapped "{[/tags/test],methods=[GET],params=[],headers=[],consumes=[],produces=[],custom=[]}" onto public java.lang.String com.cn.zhou.controller.TagsController.test(org.springframework.ui.Model)
[INFO] [2017-12-15 16:14:44][org.springframework.web.servlet.mvc.method.annotation.RequestMappingHandlerMapping]Mapped "{[/upAndDown/upload],methods=[],params=[],headers=[],consumes=[],produces=[],custom=[]}" onto public java.lang.String com.cn.zhou.controller.UpAndDownController.upload(org.springframework.web.multipart.MultipartFile[],javax.servlet.http.HttpServletRequest) throws java.io.IOException
[INFO] [2017-12-15 16:14:44][org.springframework.web.servlet.mvc.method.annotation.RequestMappingHandlerMapping]Mapped "{[/upAndDown/download],methods=[],params=[],headers=[],consumes=[],produces=[],custom=[]}" onto public java.lang.String com.cn.zhou.controller.UpAndDownController.download(java.lang.String,javax.servlet.http.HttpServletRequest,javax.servlet.http.HttpServletResponse)
[INFO] [2017-12-15 16:14:44][org.springframework.web.servlet.mvc.method.annotation.RequestMappingHandlerMapping]Mapped "{[/upAndDown/showDownload],methods=[],params=[],headers=[],consumes=[],produces=[],custom=[]}" onto public java.lang.String com.cn.zhou.controller.UpAndDownController.showDownload()
[INFO] [2017-12-15 16:14:44][org.springframework.web.servlet.mvc.method.annotation.RequestMappingHandlerMapping]Mapped "{[/upAndDown/showUpload],methods=[],params=[],headers=[],consumes=[],produces=[],custom=[]}" onto public java.lang.String com.cn.zhou.controller.UpAndDownController.showUpload()
[INFO] [2017-12-15 16:14:44][org.springframework.web.servlet.mvc.method.annotation.RequestMappingHandlerMapping]Mapped "{[/user/showUser],methods=[],params=[],headers=[],consumes=[],produces=[],custom=[]}" onto public java.lang.String com.cn.zhou.controller.UserController.toIndex(javax.servlet.http.HttpServletRequest,org.springframework.ui.Model)
[INFO] [2017-12-15 16:14:44][org.springframework.web.servlet.handler.SimpleUrlHandlerMapping]Mapped URL path [/**] onto handler 'org.springframework.web.servlet.resource.DefaultServletHttpRequestHandler#0'
[INFO] [2017-12-15 16:14:44][org.springframework.web.servlet.handler.SimpleUrlHandlerMapping]Mapped URL path [/chahua3205/**] onto handler 'org.springframework.web.servlet.resource.ResourceHttpRequestHandler#0'
[INFO] [2017-12-15 16:14:45][org.springframework.cache.ehcache.EhCacheManagerFactoryBean]Initializing EhCache CacheManager
[WARN] [2017-12-15 16:14:45][net.sf.ehcache.config.CacheConfiguration]Configuration problem for cache sampleCache1: MaxEntriesLocalHeap equal or greater than MaxEntriesLocalDisk. This will result in useless disk storage.
[WARN] [2017-12-15 16:14:45][net.sf.ehcache.config.CacheConfiguration]Configuration problem for cache books: MaxEntriesLocalHeap equal or greater than MaxEntriesLocalDisk. This will result in useless disk storage.
[INFO] [2017-12-15 16:14:45][org.springframework.web.servlet.DispatcherServlet]FrameworkServlet 'springServlet': initialization completed in 2016 ms
[INFO] [2017-12-15 16:26:08][org.springframework.web.context.ContextLoader]Root WebApplicationContext: initialization started
[INFO] [2017-12-15 16:26:08][org.springframework.web.context.support.XmlWebApplicationContext]Refreshing Root WebApplicationContext: startup date [Fri Dec 15 16:26:08 CST 2017]; root of context hierarchy
[INFO] [2017-12-15 16:26:08][org.springframework.beans.factory.xml.XmlBeanDefinitionReader]Loading XML bean definitions from URL [file:/F:/workspace10/SSM/target/classes/spring-mybatis.xml]
[INFO] [2017-12-15 16:26:09][org.springframework.beans.factory.config.PropertyPlaceholderConfigurer]Loading properties file from class path resource [jdbc.properties]
[INFO] [2017-12-15 16:26:10][com.alibaba.druid.pool.DruidDataSource]{dataSource-1} inited
[INFO] [2017-12-15 16:26:10][org.springframework.web.context.ContextLoader]Root WebApplicationContext: initialization completed in 2064 ms
[INFO] [2017-12-15 16:26:10][org.springframework.web.servlet.DispatcherServlet]FrameworkServlet 'springServlet': initialization started
[INFO] [2017-12-15 16:26:10][org.springframework.web.context.support.XmlWebApplicationContext]Refreshing WebApplicationContext for namespace 'springServlet-servlet': startup date [Fri Dec 15 16:26:10 CST 2017]; parent: Root WebApplicationContext
[INFO] [2017-12-15 16:26:10][org.springframework.beans.factory.xml.XmlBeanDefinitionReader]Loading XML bean definitions from file [F:\workspace10\SSM\target\classes\spring-mvc.xml]
[INFO] [2017-12-15 16:26:11][org.springframework.web.servlet.mvc.method.annotation.RequestMappingHandlerMapping]Mapped "{[/form/testform],methods=[GET],params=[],headers=[],consumes=[],produces=[],custom=[]}" onto public java.lang.String com.cn.zhou.controller.FormController.form(javax.servlet.http.HttpServletRequest,javax.servlet.http.HttpServletResponse,com.cn.zhou.entity.TagsModel,org.springframework.ui.Model)
[INFO] [2017-12-15 16:26:11][org.springframework.web.servlet.mvc.method.annotation.RequestMappingHandlerMapping]Mapped "{[/login/login],methods=[GET],params=[],headers=[],consumes=[],produces=[],custom=[]}" onto public java.lang.String com.cn.zhou.controller.LoginController.form(javax.servlet.http.HttpServletRequest,javax.servlet.http.HttpServletResponse,com.cn.zhou.entity.TagsModel,org.springframework.ui.Model)
[INFO] [2017-12-15 16:26:11][org.springframework.web.servlet.mvc.method.annotation.RequestMappingHandlerMapping]Mapped "{[/tags/test],methods=[GET],params=[],headers=[],consumes=[],produces=[],custom=[]}" onto public java.lang.String com.cn.zhou.controller.TagsController.test(org.springframework.ui.Model)
[INFO] [2017-12-15 16:26:11][org.springframework.web.servlet.mvc.method.annotation.RequestMappingHandlerMapping]Mapped "{[/upAndDown/upload],methods=[],params=[],headers=[],consumes=[],produces=[],custom=[]}" onto public java.lang.String com.cn.zhou.controller.UpAndDownController.upload(org.springframework.web.multipart.MultipartFile[],javax.servlet.http.HttpServletRequest) throws java.io.IOException
[INFO] [2017-12-15 16:26:11][org.springframework.web.servlet.mvc.method.annotation.RequestMappingHandlerMapping]Mapped "{[/upAndDown/download],methods=[],params=[],headers=[],consumes=[],produces=[],custom=[]}" onto public java.lang.String com.cn.zhou.controller.UpAndDownController.download(java.lang.String,javax.servlet.http.HttpServletRequest,javax.servlet.http.HttpServletResponse)
[INFO] [2017-12-15 16:26:11][org.springframework.web.servlet.mvc.method.annotation.RequestMappingHandlerMapping]Mapped "{[/upAndDown/showUpload],methods=[],params=[],headers=[],consumes=[],produces=[],custom=[]}" onto public java.lang.String com.cn.zhou.controller.UpAndDownController.showUpload()
[INFO] [2017-12-15 16:26:11][org.springframework.web.servlet.mvc.method.annotation.RequestMappingHandlerMapping]Mapped "{[/upAndDown/showDownload],methods=[],params=[],headers=[],consumes=[],produces=[],custom=[]}" onto public java.lang.String com.cn.zhou.controller.UpAndDownController.showDownload()
[INFO] [2017-12-15 16:26:11][org.springframework.web.servlet.mvc.method.annotation.RequestMappingHandlerMapping]Mapped "{[/user/showUser],methods=[],params=[],headers=[],consumes=[],produces=[],custom=[]}" onto public java.lang.String com.cn.zhou.controller.UserController.toIndex(javax.servlet.http.HttpServletRequest,org.springframework.ui.Model)
[INFO] [2017-12-15 16:26:11][org.springframework.web.servlet.handler.SimpleUrlHandlerMapping]Mapped URL path [/**] onto handler 'org.springframework.web.servlet.resource.DefaultServletHttpRequestHandler#0'
[INFO] [2017-12-15 16:26:11][org.springframework.web.servlet.handler.SimpleUrlHandlerMapping]Mapped URL path [/chahua3205/**] onto handler 'org.springframework.web.servlet.resource.ResourceHttpRequestHandler#0'
[INFO] [2017-12-15 16:26:11][org.springframework.cache.ehcache.EhCacheManagerFactoryBean]Initializing EhCache CacheManager
[WARN] [2017-12-15 16:26:12][net.sf.ehcache.config.CacheConfiguration]Configuration problem for cache sampleCache1: MaxEntriesLocalHeap equal or greater than MaxEntriesLocalDisk. This will result in useless disk storage.
[WARN] [2017-12-15 16:26:12][net.sf.ehcache.config.CacheConfiguration]Configuration problem for cache books: MaxEntriesLocalHeap equal or greater than MaxEntriesLocalDisk. This will result in useless disk storage.
[INFO] [2017-12-15 16:26:12][org.springframework.web.servlet.DispatcherServlet]FrameworkServlet 'springServlet': initialization completed in 1818 ms
